c:\users\scott\onedrive\desktop\assessment-2---maths-library-and-ray-tracer-scottbaldwin0\ct4101_assessment2_scottbaldwin\maths_static_library\debug\vc142.pdb
c:\users\scott\onedrive\desktop\assessment-2---maths-library-and-ray-tracer-scottbaldwin0\ct4101_assessment2_scottbaldwin\maths_static_library\debug\vc142.idb
c:\users\scott\onedrive\desktop\assessment-2---maths-library-and-ray-tracer-scottbaldwin0\ct4101_assessment2_scottbaldwin\maths_static_library\debug\vector4.obj
c:\users\scott\onedrive\desktop\assessment-2---maths-library-and-ray-tracer-scottbaldwin0\ct4101_assessment2_scottbaldwin\maths_static_library\debug\vector3.obj
c:\users\scott\onedrive\desktop\assessment-2---maths-library-and-ray-tracer-scottbaldwin0\ct4101_assessment2_scottbaldwin\maths_static_library\debug\vector2.obj
c:\users\scott\onedrive\desktop\assessment-2---maths-library-and-ray-tracer-scottbaldwin0\ct4101_assessment2_scottbaldwin\maths_static_library\debug\ray.obj
c:\users\scott\onedrive\desktop\assessment-2---maths-library-and-ray-tracer-scottbaldwin0\ct4101_assessment2_scottbaldwin\maths_static_library\debug\random.obj
c:\users\scott\onedrive\desktop\assessment-2---maths-library-and-ray-tracer-scottbaldwin0\ct4101_assessment2_scottbaldwin\maths_static_library\debug\matrix4.obj
c:\users\scott\onedrive\desktop\assessment-2---maths-library-and-ray-tracer-scottbaldwin0\ct4101_assessment2_scottbaldwin\maths_static_library\debug\matrix3.obj
c:\users\scott\onedrive\desktop\assessment-2---maths-library-and-ray-tracer-scottbaldwin0\ct4101_assessment2_scottbaldwin\debug\maths_static_library.pdb
c:\users\scott\onedrive\desktop\assessment-2---maths-library-and-ray-tracer-scottbaldwin0\ct4101_assessment2_scottbaldwin\maths_static_library\debug\maths_st.075c19a2.tlog\cl.command.1.tlog
c:\users\scott\onedrive\desktop\assessment-2---maths-library-and-ray-tracer-scottbaldwin0\ct4101_assessment2_scottbaldwin\maths_static_library\debug\maths_st.075c19a2.tlog\cl.read.1.tlog
c:\users\scott\onedrive\desktop\assessment-2---maths-library-and-ray-tracer-scottbaldwin0\ct4101_assessment2_scottbaldwin\maths_static_library\debug\maths_st.075c19a2.tlog\cl.write.1.tlog
c:\users\scott\onedrive\desktop\assessment-2---maths-library-and-ray-tracer-scottbaldwin0\ct4101_assessment2_scottbaldwin\maths_static_library\debug\maths_st.075c19a2.tlog\link-cvtres.read.1.tlog
c:\users\scott\onedrive\desktop\assessment-2---maths-library-and-ray-tracer-scottbaldwin0\ct4101_assessment2_scottbaldwin\maths_static_library\debug\maths_st.075c19a2.tlog\link-cvtres.write.1.tlog
c:\users\scott\onedrive\desktop\assessment-2---maths-library-and-ray-tracer-scottbaldwin0\ct4101_assessment2_scottbaldwin\maths_static_library\debug\maths_st.075c19a2.tlog\link-rc.read.1.tlog
c:\users\scott\onedrive\desktop\assessment-2---maths-library-and-ray-tracer-scottbaldwin0\ct4101_assessment2_scottbaldwin\maths_static_library\debug\maths_st.075c19a2.tlog\link-rc.write.1.tlog
c:\users\scott\onedrive\desktop\assessment-2---maths-library-and-ray-tracer-scottbaldwin0\ct4101_assessment2_scottbaldwin\maths_static_library\debug\maths_st.075c19a2.tlog\link.command.1.tlog
c:\users\scott\onedrive\desktop\assessment-2---maths-library-and-ray-tracer-scottbaldwin0\ct4101_assessment2_scottbaldwin\maths_static_library\debug\maths_st.075c19a2.tlog\link.read.1.tlog
c:\users\scott\onedrive\desktop\assessment-2---maths-library-and-ray-tracer-scottbaldwin0\ct4101_assessment2_scottbaldwin\maths_static_library\debug\maths_st.075c19a2.tlog\link.write.1.tlog
